<?xml version="1.0" encoding="UTF-8"?>
<testng-results ignored="0" total="1" passed="1" failed="0" skipped="0">
  <reporter-output>
  </reporter-output>
  <suite started-at="2026-01-23T03:40:32 IST" name="Default suite" finished-at="2026-01-23T03:40:37 IST" duration-ms="4511">
    <groups>
    </groups>
    <test started-at="2026-01-23T03:40:32 IST" name="Default test" finished-at="2026-01-23T03:40:37 IST" duration-ms="4511">
      <class name="seleniummm.Basseeee">
        <test-method signature="login()[pri:0, instance:seleniummm.Basseeee@a1cdc6d]" started-at="2026-01-23T03:40:32 IST" name="login" finished-at="2026-01-23T03:40:37 IST" duration-ms="4428" status="PASS">
          <reporter-output>
          </reporter-output>
        </test-method> <!-- login -->
      </class> <!-- seleniummm.Basseeee -->
    </test> <!-- Default test -->
  </suite> <!-- Default suite -->
</testng-results>
