<?xml version="1.0" encoding="UTF-8"?>
<!-- Generated by org.testng.reporters.JUnitReportReporter -->
<testsuite hostname="DESKTOP-SKK0BBD" failures="0" tests="3" name="seleniummm.LoginTest" time="15.263" errors="0" timestamp="2026-01-22T03:35:48 IST" skipped="0">
  <testcase classname="seleniummm.LoginTest" name="loginTest" time="4.254"/>
  <testcase classname="seleniummm.LoginTest" name="loginTest" time="7.910"/>
  <testcase classname="seleniummm.LoginTest" name="loginTest" time="3.099"/>
</testsuite> <!-- seleniummm.LoginTest -->
