<?xml version="1.0" encoding="UTF-8"?>
<!-- Generated by org.testng.reporters.JUnitReportReporter -->
<testsuite hostname="DESKTOP-SKK0BBD" failures="0" tests="5" name="testng.l11" time="0.072" errors="0" timestamp="2025-12-23T09:40:23 IST" skipped="1">
  <testcase classname="testng.l11" name="hello1" time="0.006"/>
  <testcase classname="testng.l11" name="hello3" time="0.005"/>
  <testcase classname="testng.l11" name="hello2" time="0.007"/>
  <testcase classname="testng.l11" name="hello2" time="0.054"/>
  <testcase classname="testng.l11" name="hello">
    <skipped/>
  </testcase> <!-- hello -->
</testsuite> <!-- testng.l11 -->
